==39486== Memcheck, a memory error detector
==39486== Copyright (C) 2002-2017, and GNU GPL'd, by Julian Seward et al.
==39486== Using Valgrind-3.18.1 and LibVEX; rerun with -h for copyright info
==39486== Command: ./scop ./obj/tegliera.obj
==39486== Parent PID: 39485
==39486== 
==39486== 
==39486== HEAP SUMMARY:
==39486==     in use at exit: 374,280 bytes in 3,145 blocks
==39486==   total heap usage: 160,658 allocs, 157,513 frees, 59,691,816 bytes allocated
==39486== 
==39486== LEAK SUMMARY:
==39486==    definitely lost: 0 bytes in 0 blocks
==39486==    indirectly lost: 0 bytes in 0 blocks
==39486==      possibly lost: 0 bytes in 0 blocks
==39486==    still reachable: 0 bytes in 0 blocks
==39486==         suppressed: 374,280 bytes in 3,145 blocks
==39486== 
==39486== For lists of detected and suppressed errors, rerun with: -s
==39486== ERROR SUMMARY: 0 errors from 0 contexts (suppressed: 114106331 from 2679)
